2018-04-02 16:34:20.149 [main] INFO  com.jieshun.test.springboot.HttpMockApplication[48] - Starting HttpMockApplication on js-PC with PID 12740 (D:\workspace\springbootdemo\springboot\target\classes started by Administrator in D:\workspace\springbootdemo\springboot)
2018-04-02 16:34:20.150 [main] INFO  com.jieshun.test.springboot.HttpMockApplication[663] - The following profiles are active: prod
2018-04-02 16:34:20.210 [main] INFO  o.s.b.c.embedded.AnnotationConfigEmbeddedWebApplicationContext[581] - Refreshing org.springframework.boot.context.embedded.AnnotationConfigEmbeddedWebApplicationContext@7ed9cf64: startup date [Mon Apr 02 16:34:20 CST 2018]; root of context hierarchy
2018-04-02 16:34:20.404 [background-preinit] INFO  org.hibernate.validator.internal.util.Version[30] - HV000001: Hibernate Validator 5.2.4.Final
2018-04-02 16:34:21.690 [main] INFO  o.s.boot.context.embedded.tomcat.TomcatEmbeddedServletContainer[88] - Tomcat initialized with port(s): 8080 (http) 8081 (http)
2018-04-02 16:34:21.702 [main] INFO  org.apache.catalina.core.StandardService[179] - Starting service Tomcat
2018-04-02 16:34:21.703 [main] INFO  org.apache.catalina.core.StandardEngine[179] - Starting Servlet Engine: Apache Tomcat/8.5.4
2018-04-02 16:34:21.804 [localhost-startStop-1] INFO  org.apache.catalina.core.ContainerBase.[Tomcat].[localhost].[/][179] - Initializing Spring embedded WebApplicationContext
2018-04-02 16:34:21.804 [localhost-startStop-1] INFO  org.springframework.web.context.ContextLoader[276] - Root WebApplicationContext: initialization completed in 1598 ms
2018-04-02 16:34:21.969 [localhost-startStop-1] INFO  org.springframework.boot.web.servlet.ServletRegistrationBean[190] - Mapping servlet: 'dispatcherServlet' to [/]
2018-04-02 16:34:21.972 [localhost-startStop-1] INFO  org.springframework.boot.web.servlet.FilterRegistrationBean[258] - Mapping filter: 'characterEncodingFilter' to: [/*]
2018-04-02 16:34:21.973 [localhost-startStop-1] INFO  org.springframework.boot.web.servlet.FilterRegistrationBean[258] - Mapping filter: 'hiddenHttpMethodFilter' to: [/*]
2018-04-02 16:34:21.973 [localhost-startStop-1] INFO  org.springframework.boot.web.servlet.FilterRegistrationBean[258] - Mapping filter: 'httpPutFormContentFilter' to: [/*]
2018-04-02 16:34:21.973 [localhost-startStop-1] INFO  org.springframework.boot.web.servlet.FilterRegistrationBean[258] - Mapping filter: 'requestContextFilter' to: [/*]
2018-04-02 16:34:22.277 [main] INFO  o.s.w.servlet.mvc.method.annotation.RequestMappingHandlerAdapter[534] - Looking for @ControllerAdvice: org.springframework.boot.context.embedded.AnnotationConfigEmbeddedWebApplicationContext@7ed9cf64: startup date [Mon Apr 02 16:34:20 CST 2018]; root of context hierarchy
2018-04-02 16:34:22.342 [main] INFO  o.s.w.servlet.mvc.method.annotation.RequestMappingHandlerMapping[543] - Mapped "{[/queryMethodList]}" onto java.lang.String com.jieshun.test.springboot.HttpMock.getMethodList()
2018-04-02 16:34:22.342 [main] INFO  o.s.w.servlet.mvc.method.annotation.RequestMappingHandlerMapping[543] - Mapped "{[/addMethod]}" onto java.lang.String com.jieshun.test.springboot.HttpMock.getMethodList1(org.springframework.ui.ModelMap)
2018-04-02 16:34:22.343 [main] INFO  o.s.w.servlet.mvc.method.annotation.RequestMappingHandlerMapping[543] - Mapped "{[/]}" onto java.lang.String com.jieshun.test.springboot.HttpMock.home(javax.servlet.http.HttpServletRequest)
2018-04-02 16:34:22.343 [main] INFO  o.s.w.servlet.mvc.method.annotation.RequestMappingHandlerMapping[543] - Mapped "{[/**]}" onto java.lang.String com.jieshun.test.springboot.HttpMock.httpMock(javax.servlet.http.HttpServletRequest,javax.servlet.http.HttpServletResponse) throws java.io.UnsupportedEncodingException
2018-04-02 16:34:22.343 [main] INFO  o.s.w.servlet.mvc.method.annotation.RequestMappingHandlerMapping[543] - Mapped "{[/updateMethod]}" onto java.lang.String com.jieshun.test.springboot.HttpMock.updateResult(javax.servlet.http.HttpServletRequest)
2018-04-02 16:34:22.346 [main] INFO  o.s.w.servlet.mvc.method.annotation.RequestMappingHandlerMapping[543] - Mapped "{[/error]}" onto public org.springframework.http.ResponseEntity<java.util.Map<java.lang.String, java.lang.Object>> org.springframework.boot.autoconfigure.web.BasicErrorController.error(javax.servlet.http.HttpServletRequest)
2018-04-02 16:34:22.347 [main] INFO  o.s.w.servlet.mvc.method.annotation.RequestMappingHandlerMapping[543] - Mapped "{[/error],produces=[text/html]}" onto public org.springframework.web.servlet.ModelAndView org.springframework.boot.autoconfigure.web.BasicErrorController.errorHtml(javax.servlet.http.HttpServletRequest,javax.servlet.http.HttpServletResponse)
2018-04-02 16:34:22.377 [main] INFO  org.springframework.web.servlet.handler.SimpleUrlHandlerMapping[354] - Mapped URL path [/webjars/**] onto handler of type [class org.springframework.web.servlet.resource.ResourceHttpRequestHandler]
2018-04-02 16:34:22.377 [main] INFO  org.springframework.web.servlet.handler.SimpleUrlHandlerMapping[354] - Mapped URL path [/**] onto handler of type [class org.springframework.web.servlet.resource.ResourceHttpRequestHandler]
2018-04-02 16:34:22.422 [main] INFO  org.springframework.web.servlet.handler.SimpleUrlHandlerMapping[354] - Mapped URL path [/**/favicon.ico] onto handler of type [class org.springframework.web.servlet.resource.ResourceHttpRequestHandler]
2018-04-02 16:34:22.616 [main] INFO  o.springframework.jmx.export.annotation.AnnotationMBeanExporter[431] - Registering beans for JMX exposure on startup
2018-04-02 16:34:22.632 [main] INFO  org.apache.coyote.http11.Http11NioProtocol[179] - Initializing ProtocolHandler ["http-nio-8080"]
2018-04-02 16:34:22.640 [main] INFO  org.apache.coyote.http11.Http11NioProtocol[179] - Starting ProtocolHandler [http-nio-8080]
2018-04-02 16:34:22.650 [main] INFO  org.apache.tomcat.util.net.NioSelectorPool[179] - Using a shared selector for servlet write/read
2018-04-02 16:34:22.657 [main] INFO  org.apache.coyote.http11.Http11NioProtocol[179] - Initializing ProtocolHandler ["http-nio-8081"]
2018-04-02 16:34:22.658 [main] INFO  org.apache.tomcat.util.net.NioSelectorPool[179] - Using a shared selector for servlet write/read
2018-04-02 16:34:22.658 [main] INFO  org.apache.coyote.http11.Http11NioProtocol[179] - Starting ProtocolHandler [http-nio-8081]
2018-04-02 16:34:22.666 [main] INFO  o.s.boot.context.embedded.tomcat.TomcatEmbeddedServletContainer[186] - Tomcat started on port(s): 8080 (http) 8081 (http)
2018-04-02 16:34:22.670 [main] INFO  com.jieshun.test.springboot.HttpMockApplication[57] - Started HttpMockApplication in 3.08 seconds (JVM running for 3.36)
2018-04-02 16:34:56.109 [main] INFO  com.jieshun.test.springboot.HttpMockApplication[48] - Starting HttpMockApplication on js-PC with PID 5132 (D:\workspace\springbootdemo\springboot\target\classes started by Administrator in D:\workspace\springbootdemo\springboot)
2018-04-02 16:34:56.110 [main] INFO  com.jieshun.test.springboot.HttpMockApplication[663] - The following profiles are active: prod
2018-04-02 16:34:56.160 [main] INFO  o.s.b.c.embedded.AnnotationConfigEmbeddedWebApplicationContext[581] - Refreshing org.springframework.boot.context.embedded.AnnotationConfigEmbeddedWebApplicationContext@15419025: startup date [Mon Apr 02 16:34:56 CST 2018]; root of context hierarchy
2018-04-02 16:34:56.368 [background-preinit] INFO  org.hibernate.validator.internal.util.Version[30] - HV000001: Hibernate Validator 5.2.4.Final
2018-04-02 16:34:57.624 [main] INFO  o.s.boot.context.embedded.tomcat.TomcatEmbeddedServletContainer[88] - Tomcat initialized with port(s): 8080 (http) 8081 (http)
2018-04-02 16:34:57.635 [main] INFO  org.apache.catalina.core.StandardService[179] - Starting service Tomcat
2018-04-02 16:34:57.636 [main] INFO  org.apache.catalina.core.StandardEngine[179] - Starting Servlet Engine: Apache Tomcat/8.5.4
2018-04-02 16:34:57.744 [localhost-startStop-1] INFO  org.apache.catalina.core.ContainerBase.[Tomcat].[localhost].[/][179] - Initializing Spring embedded WebApplicationContext
2018-04-02 16:34:57.744 [localhost-startStop-1] INFO  org.springframework.web.context.ContextLoader[276] - Root WebApplicationContext: initialization completed in 1587 ms
2018-04-02 16:34:57.915 [localhost-startStop-1] INFO  org.springframework.boot.web.servlet.ServletRegistrationBean[190] - Mapping servlet: 'dispatcherServlet' to [/]
2018-04-02 16:34:57.918 [localhost-startStop-1] INFO  org.springframework.boot.web.servlet.FilterRegistrationBean[258] - Mapping filter: 'characterEncodingFilter' to: [/*]
2018-04-02 16:34:57.919 [localhost-startStop-1] INFO  org.springframework.boot.web.servlet.FilterRegistrationBean[258] - Mapping filter: 'hiddenHttpMethodFilter' to: [/*]
2018-04-02 16:34:57.919 [localhost-startStop-1] INFO  org.springframework.boot.web.servlet.FilterRegistrationBean[258] - Mapping filter: 'httpPutFormContentFilter' to: [/*]
2018-04-02 16:34:57.919 [localhost-startStop-1] INFO  org.springframework.boot.web.servlet.FilterRegistrationBean[258] - Mapping filter: 'requestContextFilter' to: [/*]
2018-04-02 16:34:58.224 [main] INFO  o.s.w.servlet.mvc.method.annotation.RequestMappingHandlerAdapter[534] - Looking for @ControllerAdvice: org.springframework.boot.context.embedded.AnnotationConfigEmbeddedWebApplicationContext@15419025: startup date [Mon Apr 02 16:34:56 CST 2018]; root of context hierarchy
2018-04-02 16:34:58.287 [main] INFO  o.s.w.servlet.mvc.method.annotation.RequestMappingHandlerMapping[543] - Mapped "{[/queryMethodList]}" onto java.lang.String com.jieshun.test.springboot.HttpMock.getMethodList()
2018-04-02 16:34:58.288 [main] INFO  o.s.w.servlet.mvc.method.annotation.RequestMappingHandlerMapping[543] - Mapped "{[/addMethod]}" onto java.lang.String com.jieshun.test.springboot.HttpMock.getMethodList1(org.springframework.ui.ModelMap)
2018-04-02 16:34:58.288 [main] INFO  o.s.w.servlet.mvc.method.annotation.RequestMappingHandlerMapping[543] - Mapped "{[/]}" onto java.lang.String com.jieshun.test.springboot.HttpMock.home(javax.servlet.http.HttpServletRequest)
2018-04-02 16:34:58.288 [main] INFO  o.s.w.servlet.mvc.method.annotation.RequestMappingHandlerMapping[543] - Mapped "{[/**]}" onto java.lang.String com.jieshun.test.springboot.HttpMock.httpMock(javax.servlet.http.HttpServletRequest,javax.servlet.http.HttpServletResponse) throws java.io.UnsupportedEncodingException
2018-04-02 16:34:58.288 [main] INFO  o.s.w.servlet.mvc.method.annotation.RequestMappingHandlerMapping[543] - Mapped "{[/updateMethod]}" onto java.lang.String com.jieshun.test.springboot.HttpMock.updateResult(javax.servlet.http.HttpServletRequest)
2018-04-02 16:34:58.292 [main] INFO  o.s.w.servlet.mvc.method.annotation.RequestMappingHandlerMapping[543] - Mapped "{[/error]}" onto public org.springframework.http.ResponseEntity<java.util.Map<java.lang.String, java.lang.Object>> org.springframework.boot.autoconfigure.web.BasicErrorController.error(javax.servlet.http.HttpServletRequest)
2018-04-02 16:34:58.292 [main] INFO  o.s.w.servlet.mvc.method.annotation.RequestMappingHandlerMapping[543] - Mapped "{[/error],produces=[text/html]}" onto public org.springframework.web.servlet.ModelAndView org.springframework.boot.autoconfigure.web.BasicErrorController.errorHtml(javax.servlet.http.HttpServletRequest,javax.servlet.http.HttpServletResponse)
2018-04-02 16:34:58.323 [main] INFO  org.springframework.web.servlet.handler.SimpleUrlHandlerMapping[354] - Mapped URL path [/webjars/**] onto handler of type [class org.springframework.web.servlet.resource.ResourceHttpRequestHandler]
2018-04-02 16:34:58.323 [main] INFO  org.springframework.web.servlet.handler.SimpleUrlHandlerMapping[354] - Mapped URL path [/**] onto handler of type [class org.springframework.web.servlet.resource.ResourceHttpRequestHandler]
2018-04-02 16:34:58.368 [main] INFO  org.springframework.web.servlet.handler.SimpleUrlHandlerMapping[354] - Mapped URL path [/**/favicon.ico] onto handler of type [class org.springframework.web.servlet.resource.ResourceHttpRequestHandler]
2018-04-02 16:34:58.562 [main] INFO  o.springframework.jmx.export.annotation.AnnotationMBeanExporter[431] - Registering beans for JMX exposure on startup
2018-04-02 16:34:58.578 [main] INFO  org.apache.coyote.http11.Http11NioProtocol[179] - Initializing ProtocolHandler ["http-nio-8080"]
2018-04-02 16:34:58.587 [main] INFO  org.apache.coyote.http11.Http11NioProtocol[179] - Starting ProtocolHandler [http-nio-8080]
2018-04-02 16:34:58.601 [main] INFO  org.apache.tomcat.util.net.NioSelectorPool[179] - Using a shared selector for servlet write/read
2018-04-02 16:34:58.608 [main] INFO  org.apache.coyote.http11.Http11NioProtocol[179] - Initializing ProtocolHandler ["http-nio-8081"]
2018-04-02 16:34:58.610 [main] INFO  org.apache.tomcat.util.net.NioSelectorPool[179] - Using a shared selector for servlet write/read
2018-04-02 16:34:58.610 [main] INFO  org.apache.coyote.http11.Http11NioProtocol[179] - Starting ProtocolHandler [http-nio-8081]
2018-04-02 16:34:58.617 [main] INFO  o.s.boot.context.embedded.tomcat.TomcatEmbeddedServletContainer[186] - Tomcat started on port(s): 8080 (http) 8081 (http)
2018-04-02 16:34:58.621 [main] INFO  com.jieshun.test.springboot.HttpMockApplication[57] - Started HttpMockApplication in 3.023 seconds (JVM running for 3.286)
2018-04-02 16:35:12.516 [http-nio-8080-exec-1] INFO  org.apache.catalina.core.ContainerBase.[Tomcat].[localhost].[/][179] - Initializing Spring FrameworkServlet 'dispatcherServlet'
2018-04-02 16:35:12.516 [http-nio-8080-exec-1] INFO  org.springframework.web.servlet.DispatcherServlet[489] - FrameworkServlet 'dispatcherServlet': initialization started
2018-04-02 16:35:12.553 [http-nio-8080-exec-1] INFO  org.springframework.web.servlet.DispatcherServlet[508] - FrameworkServlet 'dispatcherServlet': initialization completed in 37 ms
2018-04-02 16:35:13.278 [http-nio-8080-exec-2] INFO  com.jieshun.test.springboot.DispatcherHandler[46] - 文件夹:D:\workspace\springbootdemo\springboot\protocol\test_project
2018-04-02 16:35:13.278 [http-nio-8080-exec-2] INFO  com.jieshun.test.springboot.DispatcherHandler[52] - txt文件:D:\workspace\springbootdemo\springboot\protocol\test_project\_test_1.txt
2018-04-02 16:35:13.279 [http-nio-8080-exec-2] INFO  com.jieshun.test.springboot.DispatcherHandler[52] - txt文件:D:\workspace\springbootdemo\springboot\protocol\test_project\_test_2.txt
2018-04-02 16:35:13.280 [http-nio-8080-exec-2] INFO  com.jieshun.test.springboot.DispatcherHandler[52] - txt文件:D:\workspace\springbootdemo\springboot\protocol\test_project\_test_3.txt
2018-04-02 16:35:13.281 [http-nio-8080-exec-2] INFO  com.jieshun.test.springboot.DispatcherHandler[52] - txt文件:D:\workspace\springbootdemo\springboot\protocol\test_project\_test_4.txt
2018-04-02 16:35:13.282 [http-nio-8080-exec-2] INFO  com.jieshun.test.springboot.DispatcherHandler[52] - txt文件:D:\workspace\springbootdemo\springboot\protocol\test_project\_test_5.txt
2018-04-02 16:35:13.282 [http-nio-8080-exec-2] INFO  com.jieshun.test.springboot.DispatcherHandler[52] - txt文件:D:\workspace\springbootdemo\springboot\protocol\test_project\_test_6.txt
2018-04-02 16:35:13.283 [http-nio-8080-exec-2] INFO  com.jieshun.test.springboot.DispatcherHandler[52] - txt文件:D:\workspace\springbootdemo\springboot\protocol\test_project\_test_7.txt
2018-04-02 16:35:13.284 [http-nio-8080-exec-2] INFO  com.jieshun.test.springboot.DispatcherHandler[52] - txt文件:D:\workspace\springbootdemo\springboot\protocol\test_project\_test_8.txt
2018-04-02 16:35:13.284 [http-nio-8080-exec-2] INFO  com.jieshun.test.springboot.DispatcherHandler[52] - txt文件:D:\workspace\springbootdemo\springboot\protocol\test_project\_test_9.txt
2018-04-02 16:35:13.285 [http-nio-8080-exec-2] INFO  com.jieshun.test.springboot.DispatcherHandler[46] - 文件夹:D:\workspace\springbootdemo\springboot\protocol\test_project2
2018-04-02 16:35:13.286 [http-nio-8080-exec-2] INFO  com.jieshun.test.springboot.DispatcherHandler[52] - txt文件:D:\workspace\springbootdemo\springboot\protocol\test_project2\_apiex.htm.txt
2018-04-02 16:35:13.286 [http-nio-8080-exec-2] INFO  com.jieshun.test.springboot.DispatcherHandler[52] - txt文件:D:\workspace\springbootdemo\springboot\protocol\test_project2\_test_10.txt
2018-04-02 16:35:13.287 [http-nio-8080-exec-2] INFO  com.jieshun.test.springboot.DispatcherHandler[52] - txt文件:D:\workspace\springbootdemo\springboot\protocol\test_project2\_test_11.txt
2018-04-02 16:35:13.288 [http-nio-8080-exec-2] INFO  com.jieshun.test.springboot.DispatcherHandler[52] - txt文件:D:\workspace\springbootdemo\springboot\protocol\test_project2\_test_12.txt
2018-04-02 16:35:13.288 [http-nio-8080-exec-2] INFO  com.jieshun.test.springboot.DispatcherHandler[52] - txt文件:D:\workspace\springbootdemo\springboot\protocol\test_project2\_test_15.txt
2018-04-02 16:35:17.942 [http-nio-8080-exec-3] INFO  com.jieshun.test.springboot.HttpMock[94] - 接收到的请求的IP：127.0.0.1 请求内容为：-----{}---请求次数：1
2018-04-26 16:22:04.085 [main] INFO  com.jieshun.test.springboot.HttpMockApplication[48] - Starting HttpMockApplication on js-PC with PID 8592 (D:\workspace\springbootdemo\springboot\target\classes started by Administrator in D:\workspace\springbootdemo\springboot)
2018-04-26 16:22:04.102 [main] INFO  com.jieshun.test.springboot.HttpMockApplication[663] - The following profiles are active: prod
2018-04-26 16:22:04.221 [main] INFO  o.s.b.c.embedded.AnnotationConfigEmbeddedWebApplicationContext[581] - Refreshing org.springframework.boot.context.embedded.AnnotationConfigEmbeddedWebApplicationContext@a1153bc: startup date [Thu Apr 26 16:22:04 CST 2018]; root of context hierarchy
2018-04-26 16:22:04.329 [background-preinit] INFO  org.hibernate.validator.internal.util.Version[30] - HV000001: Hibernate Validator 5.2.4.Final
2018-04-26 16:22:08.759 [main] INFO  o.s.boot.context.embedded.tomcat.TomcatEmbeddedServletContainer[88] - Tomcat initialized with port(s): 8080 (http) 8081 (http)
2018-04-26 16:22:08.888 [main] INFO  org.apache.catalina.core.StandardService[179] - Starting service Tomcat
2018-04-26 16:22:08.898 [main] INFO  org.apache.catalina.core.StandardEngine[179] - Starting Servlet Engine: Apache Tomcat/8.5.4
2018-04-26 16:22:11.131 [localhost-startStop-1] INFO  org.apache.catalina.core.ContainerBase.[Tomcat].[localhost].[/][179] - Initializing Spring embedded WebApplicationContext
2018-04-26 16:22:11.133 [localhost-startStop-1] INFO  org.springframework.web.context.ContextLoader[276] - Root WebApplicationContext: initialization completed in 6921 ms
2018-04-26 16:22:11.750 [localhost-startStop-1] INFO  org.springframework.boot.web.servlet.ServletRegistrationBean[190] - Mapping servlet: 'dispatcherServlet' to [/]
2018-04-26 16:22:11.922 [localhost-startStop-1] INFO  org.springframework.boot.web.servlet.FilterRegistrationBean[258] - Mapping filter: 'characterEncodingFilter' to: [/*]
2018-04-26 16:22:11.923 [localhost-startStop-1] INFO  org.springframework.boot.web.servlet.FilterRegistrationBean[258] - Mapping filter: 'hiddenHttpMethodFilter' to: [/*]
2018-04-26 16:22:11.923 [localhost-startStop-1] INFO  org.springframework.boot.web.servlet.FilterRegistrationBean[258] - Mapping filter: 'httpPutFormContentFilter' to: [/*]
2018-04-26 16:22:11.923 [localhost-startStop-1] INFO  org.springframework.boot.web.servlet.FilterRegistrationBean[258] - Mapping filter: 'requestContextFilter' to: [/*]
2018-04-26 16:22:13.240 [main] INFO  o.s.w.servlet.mvc.method.annotation.RequestMappingHandlerAdapter[534] - Looking for @ControllerAdvice: org.springframework.boot.context.embedded.AnnotationConfigEmbeddedWebApplicationContext@a1153bc: startup date [Thu Apr 26 16:22:04 CST 2018]; root of context hierarchy
2018-04-26 16:22:15.059 [main] INFO  o.s.w.servlet.mvc.method.annotation.RequestMappingHandlerMapping[543] - Mapped "{[/]}" onto java.lang.String com.jieshun.test.springboot.HttpMock.home(javax.servlet.http.HttpServletRequest)
2018-04-26 16:22:15.061 [main] INFO  o.s.w.servlet.mvc.method.annotation.RequestMappingHandlerMapping[543] - Mapped "{[/queryMethodList]}" onto java.lang.String com.jieshun.test.springboot.HttpMock.getMethodList()
2018-04-26 16:22:15.062 [main] INFO  o.s.w.servlet.mvc.method.annotation.RequestMappingHandlerMapping[543] - Mapped "{[/addMethod]}" onto java.lang.String com.jieshun.test.springboot.HttpMock.getMethodList1(org.springframework.ui.ModelMap)
2018-04-26 16:22:15.063 [main] INFO  o.s.w.servlet.mvc.method.annotation.RequestMappingHandlerMapping[543] - Mapped "{[/**]}" onto java.lang.String com.jieshun.test.springboot.HttpMock.httpMock(javax.servlet.http.HttpServletRequest,javax.servlet.http.HttpServletResponse) throws java.io.UnsupportedEncodingException
2018-04-26 16:22:15.063 [main] INFO  o.s.w.servlet.mvc.method.annotation.RequestMappingHandlerMapping[543] - Mapped "{[/updateMethod]}" onto java.lang.String com.jieshun.test.springboot.HttpMock.updateResult(javax.servlet.http.HttpServletRequest)
2018-04-26 16:22:15.067 [main] INFO  o.s.w.servlet.mvc.method.annotation.RequestMappingHandlerMapping[543] - Mapped "{[/error]}" onto public org.springframework.http.ResponseEntity<java.util.Map<java.lang.String, java.lang.Object>> org.springframework.boot.autoconfigure.web.BasicErrorController.error(javax.servlet.http.HttpServletRequest)
2018-04-26 16:22:15.068 [main] INFO  o.s.w.servlet.mvc.method.annotation.RequestMappingHandlerMapping[543] - Mapped "{[/error],produces=[text/html]}" onto public org.springframework.web.servlet.ModelAndView org.springframework.boot.autoconfigure.web.BasicErrorController.errorHtml(javax.servlet.http.HttpServletRequest,javax.servlet.http.HttpServletResponse)
2018-04-26 16:22:15.142 [main] INFO  org.springframework.web.servlet.handler.SimpleUrlHandlerMapping[354] - Mapped URL path [/webjars/**] onto handler of type [class org.springframework.web.servlet.resource.ResourceHttpRequestHandler]
2018-04-26 16:22:15.142 [main] INFO  org.springframework.web.servlet.handler.SimpleUrlHandlerMapping[354] - Mapped URL path [/**] onto handler of type [class org.springframework.web.servlet.resource.ResourceHttpRequestHandler]
2018-04-26 16:22:15.197 [main] INFO  org.springframework.web.servlet.handler.SimpleUrlHandlerMapping[354] - Mapped URL path [/**/favicon.ico] onto handler of type [class org.springframework.web.servlet.resource.ResourceHttpRequestHandler]
2018-04-26 16:22:15.344 [main] INFO  o.springframework.jmx.export.annotation.AnnotationMBeanExporter[431] - Registering beans for JMX exposure on startup
2018-04-26 16:22:15.387 [main] INFO  org.apache.coyote.http11.Http11NioProtocol[179] - Initializing ProtocolHandler ["http-nio-8080"]
2018-04-26 16:22:15.407 [main] INFO  org.apache.coyote.http11.Http11NioProtocol[179] - Starting ProtocolHandler [http-nio-8080]
2018-04-26 16:22:15.421 [main] INFO  org.apache.tomcat.util.net.NioSelectorPool[179] - Using a shared selector for servlet write/read
2018-04-26 16:22:15.429 [main] INFO  org.apache.coyote.http11.Http11NioProtocol[179] - Initializing ProtocolHandler ["http-nio-8081"]
2018-04-26 16:22:15.431 [main] INFO  org.apache.tomcat.util.net.NioSelectorPool[179] - Using a shared selector for servlet write/read
2018-04-26 16:22:15.432 [main] INFO  org.apache.coyote.http11.Http11NioProtocol[179] - Starting ProtocolHandler [http-nio-8081]
2018-04-26 16:22:15.441 [main] INFO  o.s.boot.context.embedded.tomcat.TomcatEmbeddedServletContainer[186] - Tomcat started on port(s): 8080 (http) 8081 (http)
2018-04-26 16:22:15.445 [main] INFO  com.jieshun.test.springboot.HttpMockApplication[57] - Started HttpMockApplication in 11.978 seconds (JVM running for 12.656)
2018-05-15 09:16:14.698 [main] INFO  com.jieshun.test.springboot.HttpMockApplication[48] - Starting HttpMockApplication on js-PC with PID 14776 (D:\workspace\springbootdemo\springboot\target\classes started by Administrator in D:\workspace\springbootdemo\springboot)
2018-05-15 09:16:14.718 [main] INFO  com.jieshun.test.springboot.HttpMockApplication[663] - The following profiles are active: prod
2018-05-15 09:16:14.999 [main] INFO  o.s.b.c.embedded.AnnotationConfigEmbeddedWebApplicationContext[581] - Refreshing org.springframework.boot.context.embedded.AnnotationConfigEmbeddedWebApplicationContext@a1153bc: startup date [Tue May 15 09:16:14 CST 2018]; root of context hierarchy
2018-05-15 09:16:16.952 [background-preinit] INFO  org.hibernate.validator.internal.util.Version[30] - HV000001: Hibernate Validator 5.2.4.Final
2018-05-15 09:16:18.974 [main] INFO  o.s.boot.context.embedded.tomcat.TomcatEmbeddedServletContainer[88] - Tomcat initialized with port(s): 8080 (http) 8081 (http)
2018-05-15 09:16:19.009 [main] INFO  org.apache.catalina.core.StandardService[179] - Starting service Tomcat
2018-05-15 09:16:19.010 [main] INFO  org.apache.catalina.core.StandardEngine[179] - Starting Servlet Engine: Apache Tomcat/8.5.4
2018-05-15 09:16:19.237 [localhost-startStop-1] INFO  org.apache.catalina.core.ContainerBase.[Tomcat].[localhost].[/][179] - Initializing Spring embedded WebApplicationContext
2018-05-15 09:16:19.237 [localhost-startStop-1] INFO  org.springframework.web.context.ContextLoader[276] - Root WebApplicationContext: initialization completed in 4267 ms
2018-05-15 09:16:19.382 [localhost-startStop-1] INFO  org.springframework.boot.web.servlet.ServletRegistrationBean[190] - Mapping servlet: 'dispatcherServlet' to [/]
2018-05-15 09:16:19.387 [localhost-startStop-1] INFO  org.springframework.boot.web.servlet.FilterRegistrationBean[258] - Mapping filter: 'characterEncodingFilter' to: [/*]
2018-05-15 09:16:19.387 [localhost-startStop-1] INFO  org.springframework.boot.web.servlet.FilterRegistrationBean[258] - Mapping filter: 'hiddenHttpMethodFilter' to: [/*]
2018-05-15 09:16:19.387 [localhost-startStop-1] INFO  org.springframework.boot.web.servlet.FilterRegistrationBean[258] - Mapping filter: 'httpPutFormContentFilter' to: [/*]
2018-05-15 09:16:19.387 [localhost-startStop-1] INFO  org.springframework.boot.web.servlet.FilterRegistrationBean[258] - Mapping filter: 'requestContextFilter' to: [/*]
2018-05-15 09:16:19.734 [main] INFO  o.s.w.servlet.mvc.method.annotation.RequestMappingHandlerAdapter[534] - Looking for @ControllerAdvice: org.springframework.boot.context.embedded.AnnotationConfigEmbeddedWebApplicationContext@a1153bc: startup date [Tue May 15 09:16:14 CST 2018]; root of context hierarchy
2018-05-15 09:16:19.806 [main] INFO  o.s.w.servlet.mvc.method.annotation.RequestMappingHandlerMapping[543] - Mapped "{[/]}" onto java.lang.String com.jieshun.test.springboot.HttpMock.home(javax.servlet.http.HttpServletRequest)
2018-05-15 09:16:19.807 [main] INFO  o.s.w.servlet.mvc.method.annotation.RequestMappingHandlerMapping[543] - Mapped "{[/queryMethodList]}" onto java.lang.String com.jieshun.test.springboot.HttpMock.getMethodList()
2018-05-15 09:16:19.807 [main] INFO  o.s.w.servlet.mvc.method.annotation.RequestMappingHandlerMapping[543] - Mapped "{[/addMethod]}" onto java.lang.String com.jieshun.test.springboot.HttpMock.getMethodList1(org.springframework.ui.ModelMap)
2018-05-15 09:16:19.807 [main] INFO  o.s.w.servlet.mvc.method.annotation.RequestMappingHandlerMapping[543] - Mapped "{[/**]}" onto java.lang.String com.jieshun.test.springboot.HttpMock.httpMock(javax.servlet.http.HttpServletRequest,javax.servlet.http.HttpServletResponse) throws java.io.UnsupportedEncodingException
2018-05-15 09:16:19.807 [main] INFO  o.s.w.servlet.mvc.method.annotation.RequestMappingHandlerMapping[543] - Mapped "{[/updateMethod]}" onto java.lang.String com.jieshun.test.springboot.HttpMock.updateResult(javax.servlet.http.HttpServletRequest)
2018-05-15 09:16:19.810 [main] INFO  o.s.w.servlet.mvc.method.annotation.RequestMappingHandlerMapping[543] - Mapped "{[/error]}" onto public org.springframework.http.ResponseEntity<java.util.Map<java.lang.String, java.lang.Object>> org.springframework.boot.autoconfigure.web.BasicErrorController.error(javax.servlet.http.HttpServletRequest)
2018-05-15 09:16:19.811 [main] INFO  o.s.w.servlet.mvc.method.annotation.RequestMappingHandlerMapping[543] - Mapped "{[/error],produces=[text/html]}" onto public org.springframework.web.servlet.ModelAndView org.springframework.boot.autoconfigure.web.BasicErrorController.errorHtml(javax.servlet.http.HttpServletRequest,javax.servlet.http.HttpServletResponse)
2018-05-15 09:16:19.834 [main] INFO  org.springframework.web.servlet.handler.SimpleUrlHandlerMapping[354] - Mapped URL path [/webjars/**] onto handler of type [class org.springframework.web.servlet.resource.ResourceHttpRequestHandler]
2018-05-15 09:16:19.834 [main] INFO  org.springframework.web.servlet.handler.SimpleUrlHandlerMapping[354] - Mapped URL path [/**] onto handler of type [class org.springframework.web.servlet.resource.ResourceHttpRequestHandler]
2018-05-15 09:16:19.872 [main] INFO  org.springframework.web.servlet.handler.SimpleUrlHandlerMapping[354] - Mapped URL path [/**/favicon.ico] onto handler of type [class org.springframework.web.servlet.resource.ResourceHttpRequestHandler]
2018-05-15 09:16:20.260 [main] INFO  o.springframework.jmx.export.annotation.AnnotationMBeanExporter[431] - Registering beans for JMX exposure on startup
2018-05-15 09:16:20.348 [main] INFO  org.apache.coyote.http11.Http11NioProtocol[179] - Initializing ProtocolHandler ["http-nio-8080"]
2018-05-15 09:16:20.409 [main] INFO  org.apache.coyote.http11.Http11NioProtocol[179] - Starting ProtocolHandler [http-nio-8080]
2018-05-15 09:16:20.913 [main] INFO  org.apache.tomcat.util.net.NioSelectorPool[179] - Using a shared selector for servlet write/read
2018-05-15 09:16:20.946 [main] INFO  org.apache.coyote.http11.Http11NioProtocol[179] - Initializing ProtocolHandler ["http-nio-8081"]
2018-05-15 09:16:20.947 [main] INFO  org.apache.tomcat.util.net.NioSelectorPool[179] - Using a shared selector for servlet write/read
2018-05-15 09:16:20.948 [main] INFO  org.apache.coyote.http11.Http11NioProtocol[179] - Starting ProtocolHandler [http-nio-8081]
2018-05-15 09:16:21.017 [main] INFO  o.s.boot.context.embedded.tomcat.TomcatEmbeddedServletContainer[186] - Tomcat started on port(s): 8080 (http) 8081 (http)
2018-05-15 09:16:21.057 [main] INFO  com.jieshun.test.springboot.HttpMockApplication[57] - Started HttpMockApplication in 7.958 seconds (JVM running for 11.419)
2018-05-15 09:16:35.787 [http-nio-8080-exec-1] INFO  org.apache.catalina.core.ContainerBase.[Tomcat].[localhost].[/][179] - Initializing Spring FrameworkServlet 'dispatcherServlet'
2018-05-15 09:16:35.788 [http-nio-8080-exec-1] INFO  org.springframework.web.servlet.DispatcherServlet[489] - FrameworkServlet 'dispatcherServlet': initialization started
2018-05-15 09:16:35.805 [http-nio-8080-exec-1] INFO  org.springframework.web.servlet.DispatcherServlet[508] - FrameworkServlet 'dispatcherServlet': initialization completed in 17 ms
2018-05-15 09:20:20.253 [http-nio-8080-exec-6] INFO  com.jieshun.test.springboot.DispatcherHandler[46] - 文件夹:D:\workspace\springbootdemo\springboot\protocol\test_project
2018-05-15 09:20:20.254 [http-nio-8080-exec-6] INFO  com.jieshun.test.springboot.DispatcherHandler[52] - txt文件:D:\workspace\springbootdemo\springboot\protocol\test_project\_test_1.txt
2018-05-15 09:20:20.255 [http-nio-8080-exec-6] INFO  com.jieshun.test.springboot.DispatcherHandler[52] - txt文件:D:\workspace\springbootdemo\springboot\protocol\test_project\_test_2.txt
2018-05-15 09:20:20.255 [http-nio-8080-exec-6] INFO  com.jieshun.test.springboot.DispatcherHandler[52] - txt文件:D:\workspace\springbootdemo\springboot\protocol\test_project\_test_3.txt
2018-05-15 09:20:20.256 [http-nio-8080-exec-6] INFO  com.jieshun.test.springboot.DispatcherHandler[52] - txt文件:D:\workspace\springbootdemo\springboot\protocol\test_project\_test_4.txt
2018-05-15 09:20:20.257 [http-nio-8080-exec-6] INFO  com.jieshun.test.springboot.DispatcherHandler[52] - txt文件:D:\workspace\springbootdemo\springboot\protocol\test_project\_test_5.txt
2018-05-15 09:20:20.257 [http-nio-8080-exec-6] INFO  com.jieshun.test.springboot.DispatcherHandler[52] - txt文件:D:\workspace\springbootdemo\springboot\protocol\test_project\_test_6.txt
2018-05-15 09:20:20.258 [http-nio-8080-exec-6] INFO  com.jieshun.test.springboot.DispatcherHandler[52] - txt文件:D:\workspace\springbootdemo\springboot\protocol\test_project\_test_7.txt
2018-05-15 09:20:20.259 [http-nio-8080-exec-6] INFO  com.jieshun.test.springboot.DispatcherHandler[52] - txt文件:D:\workspace\springbootdemo\springboot\protocol\test_project\_test_8.txt
2018-05-15 09:20:20.260 [http-nio-8080-exec-6] INFO  com.jieshun.test.springboot.DispatcherHandler[52] - txt文件:D:\workspace\springbootdemo\springboot\protocol\test_project\_test_9.txt
2018-05-15 09:20:20.260 [http-nio-8080-exec-6] INFO  com.jieshun.test.springboot.DispatcherHandler[46] - 文件夹:D:\workspace\springbootdemo\springboot\protocol\test_project2
2018-05-15 09:20:20.261 [http-nio-8080-exec-6] INFO  com.jieshun.test.springboot.DispatcherHandler[52] - txt文件:D:\workspace\springbootdemo\springboot\protocol\test_project2\_apiex.htm.txt
2018-05-15 09:20:20.262 [http-nio-8080-exec-6] INFO  com.jieshun.test.springboot.DispatcherHandler[52] - txt文件:D:\workspace\springbootdemo\springboot\protocol\test_project2\_test_10.txt
2018-05-15 09:20:20.262 [http-nio-8080-exec-6] INFO  com.jieshun.test.springboot.DispatcherHandler[52] - txt文件:D:\workspace\springbootdemo\springboot\protocol\test_project2\_test_11.txt
2018-05-15 09:20:20.263 [http-nio-8080-exec-6] INFO  com.jieshun.test.springboot.DispatcherHandler[52] - txt文件:D:\workspace\springbootdemo\springboot\protocol\test_project2\_test_12.txt
2018-05-15 09:20:20.264 [http-nio-8080-exec-6] INFO  com.jieshun.test.springboot.DispatcherHandler[52] - txt文件:D:\workspace\springbootdemo\springboot\protocol\test_project2\_test_15.txt
2018-05-15 09:20:22.577 [http-nio-8080-exec-7] INFO  com.jieshun.test.springboot.HttpMock[94] - 接收到的请求的IP：192.168.207.102 请求内容为：-----{}---请求次数：1
2018-05-15 09:20:24.497 [http-nio-8080-exec-8] INFO  com.jieshun.test.springboot.HttpMock[94] - 接收到的请求的IP：192.168.207.102 请求内容为：-----{}---请求次数：2
2018-05-15 09:20:26.259 [http-nio-8080-exec-9] INFO  com.jieshun.test.springboot.HttpMock[94] - 接收到的请求的IP：192.168.207.102 请求内容为：-----{}---请求次数：3
2018-08-15 08:56:57.244 [main] INFO  com.jieshun.test.springboot.HttpMockApplication[48] - Starting HttpMockApplication on js-PC with PID 27912 (C:\Users\Administrator\git-httpmock\springboot\target\classes started by Administrator in C:\Users\Administrator\git-httpmock\springboot)
2018-08-15 08:56:57.259 [main] INFO  com.jieshun.test.springboot.HttpMockApplication[663] - The following profiles are active: prod
2018-08-15 08:56:57.356 [main] INFO  o.s.b.c.embedded.AnnotationConfigEmbeddedWebApplicationContext[581] - Refreshing org.springframework.boot.context.embedded.AnnotationConfigEmbeddedWebApplicationContext@2ffbe09b: startup date [Wed Aug 15 08:56:57 CST 2018]; root of context hierarchy
2018-08-15 08:56:57.533 [background-preinit] INFO  org.hibernate.validator.internal.util.Version[30] - HV000001: Hibernate Validator 5.2.4.Final
2018-08-15 08:56:59.396 [main] INFO  o.s.boot.context.embedded.tomcat.TomcatEmbeddedServletContainer[88] - Tomcat initialized with port(s): 8080 (http) 8081 (http)
2018-08-15 08:56:59.408 [main] INFO  org.apache.catalina.core.StandardService[179] - Starting service Tomcat
2018-08-15 08:56:59.409 [main] INFO  org.apache.catalina.core.StandardEngine[179] - Starting Servlet Engine: Apache Tomcat/8.5.4
2018-08-15 08:56:59.508 [localhost-startStop-1] INFO  org.apache.catalina.core.ContainerBase.[Tomcat].[localhost].[/][179] - Initializing Spring embedded WebApplicationContext
2018-08-15 08:56:59.508 [localhost-startStop-1] INFO  org.springframework.web.context.ContextLoader[276] - Root WebApplicationContext: initialization completed in 2155 ms
2018-08-15 08:56:59.719 [localhost-startStop-1] INFO  org.springframework.boot.web.servlet.ServletRegistrationBean[190] - Mapping servlet: 'dispatcherServlet' to [/]
2018-08-15 08:56:59.725 [localhost-startStop-1] INFO  org.springframework.boot.web.servlet.FilterRegistrationBean[258] - Mapping filter: 'characterEncodingFilter' to: [/*]
2018-08-15 08:56:59.726 [localhost-startStop-1] INFO  org.springframework.boot.web.servlet.FilterRegistrationBean[258] - Mapping filter: 'hiddenHttpMethodFilter' to: [/*]
2018-08-15 08:56:59.726 [localhost-startStop-1] INFO  org.springframework.boot.web.servlet.FilterRegistrationBean[258] - Mapping filter: 'httpPutFormContentFilter' to: [/*]
2018-08-15 08:56:59.726 [localhost-startStop-1] INFO  org.springframework.boot.web.servlet.FilterRegistrationBean[258] - Mapping filter: 'requestContextFilter' to: [/*]
2018-08-15 08:57:00.084 [main] INFO  o.s.w.servlet.mvc.method.annotation.RequestMappingHandlerAdapter[534] - Looking for @ControllerAdvice: org.springframework.boot.context.embedded.AnnotationConfigEmbeddedWebApplicationContext@2ffbe09b: startup date [Wed Aug 15 08:56:57 CST 2018]; root of context hierarchy
2018-08-15 08:57:00.175 [main] INFO  o.s.w.servlet.mvc.method.annotation.RequestMappingHandlerMapping[543] - Mapped "{[/]}" onto java.lang.String com.jieshun.test.springboot.HttpMock.home(javax.servlet.http.HttpServletRequest)
2018-08-15 08:57:00.176 [main] INFO  o.s.w.servlet.mvc.method.annotation.RequestMappingHandlerMapping[543] - Mapped "{[/queryMethodList]}" onto java.lang.String com.jieshun.test.springboot.HttpMock.getMethodList()
2018-08-15 08:57:00.176 [main] INFO  o.s.w.servlet.mvc.method.annotation.RequestMappingHandlerMapping[543] - Mapped "{[/addMethod]}" onto java.lang.String com.jieshun.test.springboot.HttpMock.getMethodList1(org.springframework.ui.ModelMap)
2018-08-15 08:57:00.176 [main] INFO  o.s.w.servlet.mvc.method.annotation.RequestMappingHandlerMapping[543] - Mapped "{[/updateMethod]}" onto java.lang.String com.jieshun.test.springboot.HttpMock.updateResult(javax.servlet.http.HttpServletRequest)
2018-08-15 08:57:00.176 [main] INFO  o.s.w.servlet.mvc.method.annotation.RequestMappingHandlerMapping[543] - Mapped "{[/**]}" onto java.lang.String com.jieshun.test.springboot.HttpMock.httpMock(javax.servlet.http.HttpServletRequest,javax.servlet.http.HttpServletResponse) throws java.io.UnsupportedEncodingException
2018-08-15 08:57:00.180 [main] INFO  o.s.w.servlet.mvc.method.annotation.RequestMappingHandlerMapping[543] - Mapped "{[/error]}" onto public org.springframework.http.ResponseEntity<java.util.Map<java.lang.String, java.lang.Object>> org.springframework.boot.autoconfigure.web.BasicErrorController.error(javax.servlet.http.HttpServletRequest)
2018-08-15 08:57:00.180 [main] INFO  o.s.w.servlet.mvc.method.annotation.RequestMappingHandlerMapping[543] - Mapped "{[/error],produces=[text/html]}" onto public org.springframework.web.servlet.ModelAndView org.springframework.boot.autoconfigure.web.BasicErrorController.errorHtml(javax.servlet.http.HttpServletRequest,javax.servlet.http.HttpServletResponse)
2018-08-15 08:57:00.217 [main] INFO  org.springframework.web.servlet.handler.SimpleUrlHandlerMapping[354] - Mapped URL path [/webjars/**] onto handler of type [class org.springframework.web.servlet.resource.ResourceHttpRequestHandler]
2018-08-15 08:57:00.217 [main] INFO  org.springframework.web.servlet.handler.SimpleUrlHandlerMapping[354] - Mapped URL path [/**] onto handler of type [class org.springframework.web.servlet.resource.ResourceHttpRequestHandler]
2018-08-15 08:57:00.261 [main] INFO  org.springframework.web.servlet.handler.SimpleUrlHandlerMapping[354] - Mapped URL path [/**/favicon.ico] onto handler of type [class org.springframework.web.servlet.resource.ResourceHttpRequestHandler]
2018-08-15 08:57:00.470 [main] INFO  o.springframework.jmx.export.annotation.AnnotationMBeanExporter[431] - Registering beans for JMX exposure on startup
2018-08-15 08:57:00.497 [main] INFO  org.apache.coyote.http11.Http11NioProtocol[179] - Initializing ProtocolHandler ["http-nio-8080"]
2018-08-15 08:57:00.522 [main] INFO  org.apache.coyote.http11.Http11NioProtocol[179] - Starting ProtocolHandler [http-nio-8080]
2018-08-15 08:57:00.531 [main] INFO  org.apache.tomcat.util.net.NioSelectorPool[179] - Using a shared selector for servlet write/read
2018-08-15 08:57:00.560 [main] INFO  org.apache.coyote.http11.Http11NioProtocol[179] - Initializing ProtocolHandler ["http-nio-8081"]
2018-08-15 08:57:00.561 [main] INFO  org.apache.tomcat.util.net.NioSelectorPool[179] - Using a shared selector for servlet write/read
2018-08-15 08:57:00.561 [main] INFO  org.apache.coyote.http11.Http11NioProtocol[179] - Starting ProtocolHandler [http-nio-8081]
2018-08-15 08:57:00.579 [main] INFO  o.s.boot.context.embedded.tomcat.TomcatEmbeddedServletContainer[186] - Tomcat started on port(s): 8080 (http) 8081 (http)
2018-08-15 08:57:00.591 [main] INFO  com.jieshun.test.springboot.HttpMockApplication[57] - Started HttpMockApplication in 4.041 seconds (JVM running for 4.303)
2018-08-15 08:57:22.997 [http-nio-8080-exec-1] INFO  org.apache.catalina.core.ContainerBase.[Tomcat].[localhost].[/][179] - Initializing Spring FrameworkServlet 'dispatcherServlet'
2018-08-15 08:57:22.997 [http-nio-8080-exec-1] INFO  org.springframework.web.servlet.DispatcherServlet[489] - FrameworkServlet 'dispatcherServlet': initialization started
2018-08-15 08:57:23.016 [http-nio-8080-exec-1] INFO  org.springframework.web.servlet.DispatcherServlet[508] - FrameworkServlet 'dispatcherServlet': initialization completed in 19 ms
2018-08-15 08:57:36.424 [http-nio-8081-exec-4] INFO  com.jieshun.test.springboot.DispatcherHandler[46] - 文件夹:C:\Users\Administrator\git-httpmock\springboot\protocol\test_project
2018-08-15 08:57:36.425 [http-nio-8081-exec-4] INFO  com.jieshun.test.springboot.DispatcherHandler[52] - txt文件:C:\Users\Administrator\git-httpmock\springboot\protocol\test_project\_test_1.txt
2018-08-15 08:57:36.426 [http-nio-8081-exec-4] INFO  com.jieshun.test.springboot.DispatcherHandler[52] - txt文件:C:\Users\Administrator\git-httpmock\springboot\protocol\test_project\_test_2.txt
2018-08-15 08:57:36.427 [http-nio-8081-exec-4] INFO  com.jieshun.test.springboot.DispatcherHandler[52] - txt文件:C:\Users\Administrator\git-httpmock\springboot\protocol\test_project\_test_3.txt
2018-08-15 08:57:36.428 [http-nio-8081-exec-4] INFO  com.jieshun.test.springboot.DispatcherHandler[52] - txt文件:C:\Users\Administrator\git-httpmock\springboot\protocol\test_project\_test_4.txt
2018-08-15 08:57:36.429 [http-nio-8081-exec-4] INFO  com.jieshun.test.springboot.DispatcherHandler[52] - txt文件:C:\Users\Administrator\git-httpmock\springboot\protocol\test_project\_test_5.txt
2018-08-15 08:57:36.430 [http-nio-8081-exec-4] INFO  com.jieshun.test.springboot.DispatcherHandler[52] - txt文件:C:\Users\Administrator\git-httpmock\springboot\protocol\test_project\_test_6.txt
2018-08-15 08:57:36.431 [http-nio-8081-exec-4] INFO  com.jieshun.test.springboot.DispatcherHandler[52] - txt文件:C:\Users\Administrator\git-httpmock\springboot\protocol\test_project\_test_7.txt
2018-08-15 08:57:36.432 [http-nio-8081-exec-4] INFO  com.jieshun.test.springboot.DispatcherHandler[52] - txt文件:C:\Users\Administrator\git-httpmock\springboot\protocol\test_project\_test_8.txt
2018-08-15 08:57:36.433 [http-nio-8081-exec-4] INFO  com.jieshun.test.springboot.DispatcherHandler[52] - txt文件:C:\Users\Administrator\git-httpmock\springboot\protocol\test_project\_test_9.txt
2018-08-15 08:57:36.434 [http-nio-8081-exec-4] INFO  com.jieshun.test.springboot.DispatcherHandler[46] - 文件夹:C:\Users\Administrator\git-httpmock\springboot\protocol\test_project2
2018-08-15 08:57:36.435 [http-nio-8081-exec-4] INFO  com.jieshun.test.springboot.DispatcherHandler[52] - txt文件:C:\Users\Administrator\git-httpmock\springboot\protocol\test_project2\_apiex.htm.txt
2018-08-15 08:57:36.436 [http-nio-8081-exec-4] INFO  com.jieshun.test.springboot.DispatcherHandler[52] - txt文件:C:\Users\Administrator\git-httpmock\springboot\protocol\test_project2\_test_10.txt
2018-08-15 08:57:36.437 [http-nio-8081-exec-4] INFO  com.jieshun.test.springboot.DispatcherHandler[52] - txt文件:C:\Users\Administrator\git-httpmock\springboot\protocol\test_project2\_test_11.txt
2018-08-15 08:57:36.437 [http-nio-8081-exec-4] INFO  com.jieshun.test.springboot.DispatcherHandler[52] - txt文件:C:\Users\Administrator\git-httpmock\springboot\protocol\test_project2\_test_12.txt
2018-08-15 08:57:36.438 [http-nio-8081-exec-4] INFO  com.jieshun.test.springboot.DispatcherHandler[52] - txt文件:C:\Users\Administrator\git-httpmock\springboot\protocol\test_project2\_test_15.txt
2018-08-15 08:57:41.876 [http-nio-8080-exec-4] INFO  com.jieshun.test.springboot.DispatcherHandler[46] - 文件夹:C:\Users\Administrator\git-httpmock\springboot\protocol\test_project
2018-08-15 08:57:41.877 [http-nio-8080-exec-4] INFO  com.jieshun.test.springboot.DispatcherHandler[52] - txt文件:C:\Users\Administrator\git-httpmock\springboot\protocol\test_project\_test_1.txt
2018-08-15 08:57:41.878 [http-nio-8080-exec-4] INFO  com.jieshun.test.springboot.DispatcherHandler[52] - txt文件:C:\Users\Administrator\git-httpmock\springboot\protocol\test_project\_test_2.txt
2018-08-15 08:57:41.879 [http-nio-8080-exec-4] INFO  com.jieshun.test.springboot.DispatcherHandler[52] - txt文件:C:\Users\Administrator\git-httpmock\springboot\protocol\test_project\_test_3.txt
2018-08-15 08:57:41.880 [http-nio-8080-exec-4] INFO  com.jieshun.test.springboot.DispatcherHandler[52] - txt文件:C:\Users\Administrator\git-httpmock\springboot\protocol\test_project\_test_4.txt
2018-08-15 08:57:41.881 [http-nio-8080-exec-4] INFO  com.jieshun.test.springboot.DispatcherHandler[52] - txt文件:C:\Users\Administrator\git-httpmock\springboot\protocol\test_project\_test_5.txt
2018-08-15 08:57:41.882 [http-nio-8080-exec-4] INFO  com.jieshun.test.springboot.DispatcherHandler[52] - txt文件:C:\Users\Administrator\git-httpmock\springboot\protocol\test_project\_test_6.txt
2018-08-15 08:57:41.883 [http-nio-8080-exec-4] INFO  com.jieshun.test.springboot.DispatcherHandler[52] - txt文件:C:\Users\Administrator\git-httpmock\springboot\protocol\test_project\_test_7.txt
2018-08-15 08:57:41.884 [http-nio-8080-exec-4] INFO  com.jieshun.test.springboot.DispatcherHandler[52] - txt文件:C:\Users\Administrator\git-httpmock\springboot\protocol\test_project\_test_8.txt
2018-08-15 08:57:41.884 [http-nio-8080-exec-4] INFO  com.jieshun.test.springboot.DispatcherHandler[52] - txt文件:C:\Users\Administrator\git-httpmock\springboot\protocol\test_project\_test_9.txt
2018-08-15 08:57:41.885 [http-nio-8080-exec-4] INFO  com.jieshun.test.springboot.DispatcherHandler[46] - 文件夹:C:\Users\Administrator\git-httpmock\springboot\protocol\test_project2
2018-08-15 08:57:41.886 [http-nio-8080-exec-4] INFO  com.jieshun.test.springboot.DispatcherHandler[52] - txt文件:C:\Users\Administrator\git-httpmock\springboot\protocol\test_project2\_apiex.htm.txt
2018-08-15 08:57:41.887 [http-nio-8080-exec-4] INFO  com.jieshun.test.springboot.DispatcherHandler[52] - txt文件:C:\Users\Administrator\git-httpmock\springboot\protocol\test_project2\_test_10.txt
2018-08-15 08:57:41.888 [http-nio-8080-exec-4] INFO  com.jieshun.test.springboot.DispatcherHandler[52] - txt文件:C:\Users\Administrator\git-httpmock\springboot\protocol\test_project2\_test_11.txt
2018-08-15 08:57:41.889 [http-nio-8080-exec-4] INFO  com.jieshun.test.springboot.DispatcherHandler[52] - txt文件:C:\Users\Administrator\git-httpmock\springboot\protocol\test_project2\_test_12.txt
2018-08-15 08:57:41.889 [http-nio-8080-exec-4] INFO  com.jieshun.test.springboot.DispatcherHandler[52] - txt文件:C:\Users\Administrator\git-httpmock\springboot\protocol\test_project2\_test_15.txt
